This file contains any messages produced by compilers while
running configure, to aid debugging if configure makes a mistake.

configure:688: checking for a BSD compatible install
configure:745: checking whether build environment is sane
configure:816: checking for mawk
configure:849: checking whether make sets ${MAKE}
configure:942: checking host system type
configure:987: checking whether to enable maintainer-specific portions of Makefiles
configure:1054: checking build system type
configure:1097: checking for gcc
configure:1135: checking for gcc
configure:1260: checking whether the C compiler (gcc   ) works
configure:1276: gcc -o conftest    conftest.c  1>&5
configure:1302: checking whether the C compiler (gcc   ) is a cross-compiler
configure:1307: checking whether we are using GNU C
configure:1334: checking whether gcc accepts -g
configure:1365: checking how to run the C preprocessor
configure:1447: checking dependency style of gcc
configure:1534: checking for ranlib
configure:1577: checking whether optimization for size works
configure:1596: gcc -c -Os -g  conftest.c 1>&5
configure:1623: checking whether -Wundef works
configure:1642: gcc -c -g -Wundef conftest.c 1>&5
configure:1701: checking for objcopy
configure:1736: checking if C symbols get an underscore after compilation
configure:1774: checking whether objcopy works for absolute addresses
configure:1816: checking whether addr32 must be in the same line as the instruction
configure:1853: checking for .code16 addr32 assembler support
configure:1883: checking whether an absolute indirect call/jump must not be prefixed with an asterisk
configure:1913: checking if start is defined by the compiler
configure:1952: checking if _start is defined by the compiler
configure:1996: checking if __bss_start is defined by the compiler
configure:2035: checking if _edata is defined by the compiler
configure:2074: checking if edata is defined by the compiler
configure:2119: checking if end is defined by the compiler
configure:2158: checking if _end is defined by the compiler
configure:2211: checking for opendisk in -lutil
configure:2258: checking for wgetch in -lncurses
configure:2355: checking for string.h
configure:2355: checking for strings.h
configure:2355: checking for ncurses/curses.h
configure:2355: checking for ncurses.h
configure:2355: checking for curses.h
